2025-05-05 18:09:41,311 - INFO - Script started
2025-05-05 18:09:41,311 - INFO - Consumer Key: 113137-db3...
2025-05-05 18:09:41,311 - INFO - Access Token: 9653e1a6-8...
2025-05-05 18:09:41,312 - INFO - Loaded 0 existing tags from cache.
2025-05-05 18:09:41,319 - INFO - Loaded Grok tag cache with 9975 entries.
2025-05-05 18:09:41,319 - INFO - Fetching up to 1000 untagged articles from offset 0...
2025-05-05 18:09:41,319 - INFO - Fetching 100 articles at offset 0...
2025-05-05 18:09:41,794 - INFO - Pocket API response: ({'error': 'Something Went Wrong'}, {'Content-Type': 'application/json; charset=utf-8', 'Content-Length': '32', 'Connection': 'keep-alive', 'Date': 'Mon, 05 May 2025 16:09:41 GMT', 'ETag': 'W/"20-7OrtCnlzEEbYaC2yZi8E80FGrTs"', 'X-Powered-By': 'Express', 'X-Source': 'Pocket', 'X-Error-Code': '198', 'X-Error': 'Internal Server Error', 'X-Cache': 'Miss from cloudfront', 'Via': '1.1 009e5e3e32afcd1d135a7234c9da5520.cloudfront.net (CloudFront)', 'X-Amz-Cf-Pop': 'FRA50-C1', 'X-Amz-Cf-Id': 'XrySTchfzWjuOxhpVuwlaE7xqt94K7PQ1De9LCGR2UZGghmXRiju8Q=='})
2025-05-05 18:09:41,794 - INFO - Fetched 0 articles total.
2025-05-05 18:09:41,794 - WARNING - No untagged articles fetched.
2025-05-05 18:10:50,936 - INFO - Script started
2025-05-05 18:10:50,937 - INFO - Consumer Key: 113137-db3...
2025-05-05 18:10:50,937 - INFO - Access Token: 9653e1a6-8...
2025-05-05 18:10:50,937 - INFO - Loaded 0 existing tags from cache.
2025-05-05 18:10:50,944 - INFO - Loaded Grok tag cache with 9975 entries.
2025-05-05 18:10:50,944 - INFO - Fetching up to 1000 untagged articles from offset 0...
2025-05-05 18:10:50,944 - INFO - Fetching 100 articles at offset 0...
2025-05-05 18:10:51,171 - INFO - Pocket API response: ({'error': 'Something Went Wrong'}, {'Content-Type': 'application/json; charset=utf-8', 'Content-Length': '32', 'Connection': 'keep-alive', 'Date': 'Mon, 05 May 2025 16:10:51 GMT', 'ETag': 'W/"20-7OrtCnlzEEbYaC2yZi8E80FGrTs"', 'X-Powered-By': 'Express', 'X-Source': 'Pocket', 'X-Error-Code': '198', 'X-Error': 'Internal Server Error', 'X-Cache': 'Miss from cloudfront', 'Via': '1.1 fa5a3d5abd34c6fac657b045a4dcbdc4.cloudfront.net (CloudFront)', 'X-Amz-Cf-Pop': 'FRA50-C1', 'X-Amz-Cf-Id': 'ItZ7T-wmIm33XLfuXNJhLvUVPs0ZishzW3BbeLR86GGugs9ForL1wA=='})
2025-05-05 18:10:51,171 - INFO - Fetched 0 articles total.
2025-05-05 18:10:51,171 - WARNING - No untagged articles fetched.
2025-05-05 18:12:37,613 - INFO - Script started
2025-05-05 18:12:37,614 - INFO - Consumer Key: 113137-db3...
2025-05-05 18:12:37,614 - INFO - Access Token: 9653e1a6-8...
2025-05-05 18:12:38,090 - INFO - Pocket API test response: ({'error': 'Something Went Wrong'}, {'Content-Type': 'application/json; charset=utf-8', 'Content-Length': '32', 'Connection': 'keep-alive', 'Date': 'Mon, 05 May 2025 16:12:38 GMT', 'ETag': 'W/"20-7OrtCnlzEEbYaC2yZi8E80FGrTs"', 'X-Powered-By': 'Express', 'X-Source': 'Pocket', 'X-Error-Code': '198', 'X-Error': 'Internal Server Error', 'X-Cache': 'Miss from cloudfront', 'Via': '1.1 5ad96647558bd4911f05189f8afefd98.cloudfront.net (CloudFront)', 'X-Amz-Cf-Pop': 'FRA50-C1', 'X-Amz-Cf-Id': '1JGGQNNTLYkoSMC0lvH1N4a5RnwYkfqZ59K-dhonXx9jm5ORlZo2HA=='})
2025-05-05 18:12:38,092 - INFO - Loaded 0 existing tags from cache.
2025-05-05 18:12:38,102 - INFO - Loaded Grok tag cache with 9975 entries.
2025-05-05 18:12:38,102 - INFO - Fetching up to 1000 untagged articles from offset 0...
2025-05-05 18:12:38,102 - INFO - Fetching 100 untagged articles at offset 0...
2025-05-05 18:12:38,503 - INFO - Pocket API response (untagged): ({'error': 'Something Went Wrong'}, {'Content-Type': 'application/json; charset=utf-8', 'Content-Length': '32', 'Connection': 'keep-alive', 'Date': 'Mon, 05 May 2025 16:12:38 GMT', 'ETag': 'W/"20-7OrtCnlzEEbYaC2yZi8E80FGrTs"', 'X-Powered-By': 'Express', 'X-Source': 'Pocket', 'X-Error-Code': '198', 'X-Error': 'Internal Server Error', 'X-Cache': 'Miss from cloudfront', 'Via': '1.1 a267c4458d5587daaaf85f1d134a02d4.cloudfront.net (CloudFront)', 'X-Amz-Cf-Pop': 'FRA50-C1', 'X-Amz-Cf-Id': '92CRiKgAJJ4KvpVOVZQamKUwRdGEQ6DuH-l9K732q09XZ-kPlU_BKw=='})
2025-05-05 18:12:38,503 - INFO - Finished fetching untagged. Total: 0
2025-05-05 18:12:38,503 - INFO - No untagged articles found. Fetching all articles as fallback...
2025-05-05 18:12:38,503 - INFO - Fetching 100 articles at offset 0...
2025-05-05 18:12:38,886 - INFO - Pocket API response (all): ({'error': 'Something Went Wrong'}, {'Content-Type': 'application/json; charset=utf-8', 'Content-Length': '32', 'Connection': 'keep-alive', 'Date': 'Mon, 05 May 2025 16:12:38 GMT', 'ETag': 'W/"20-7OrtCnlzEEbYaC2yZi8E80FGrTs"', 'X-Powered-By': 'Express', 'X-Source': 'Pocket', 'X-Error-Code': '198', 'X-Error': 'Internal Server Error', 'X-Cache': 'Miss from cloudfront', 'Via': '1.1 ee6ddabcc69c6aa1c28ad24a4a8f86b2.cloudfront.net (CloudFront)', 'X-Amz-Cf-Pop': 'FRA50-C1', 'X-Amz-Cf-Id': 'Hnia9U-XcEc64bWy23LmUWj7f98lcAjpgNbQJlLcB7R3AS7FnvKEjQ=='})
2025-05-05 18:12:38,886 - INFO - Finished fetching all. Total: 0
2025-05-05 18:12:38,886 - INFO - Fetched 0 articles total.
2025-05-05 18:12:38,886 - WARNING - No articles fetched.
2025-05-05 18:25:37,311 - INFO - Script started
2025-05-05 18:25:37,311 - INFO - Consumer Key: 113137-db3...
2025-05-05 18:25:37,311 - INFO - Access Token: 9653e1a6-8...
2025-05-05 18:25:37,311 - INFO - Force all articles: False
2025-05-05 18:25:37,785 - INFO - Pocket API test response: ({'error': 'Something Went Wrong'}, {'Content-Type': 'application/json; charset=utf-8', 'Content-Length': '32', 'Connection': 'keep-alive', 'Date': 'Mon, 05 May 2025 16:25:37 GMT', 'ETag': 'W/"20-7OrtCnlzEEbYaC2yZi8E80FGrTs"', 'X-Powered-By': 'Express', 'X-Source': 'Pocket', 'X-Error-Code': '198', 'X-Error': 'Internal Server Error', 'X-Cache': 'Miss from cloudfront', 'Via': '1.1 bab8148a65b29113f79cf2725076287c.cloudfront.net (CloudFront)', 'X-Amz-Cf-Pop': 'FRA50-C1', 'X-Amz-Cf-Id': 'VAO-EFeQuNcfr_cwI0sdS63eRrfpqR7CwpkU6e7VBnR7M5PeGEH1TA=='})
2025-05-05 18:25:37,786 - INFO - Loaded 0 existing tags from cache.
2025-05-05 18:25:37,793 - INFO - Loaded Grok tag cache with 9975 entries.
2025-05-05 18:25:37,794 - INFO - Fetching up to 1000 articles from offset 0 (force_all=False)...
2025-05-05 18:25:37,794 - INFO - Fetching 100 untagged articles at offset 0...
2025-05-05 18:25:38,179 - INFO - Pocket API response (untagged): ({'error': 'Something Went Wrong'}, {'Content-Type': 'application/json; charset=utf-8', 'Content-Length': '32', 'Connection': 'keep-alive', 'Date': 'Mon, 05 May 2025 16:25:38 GMT', 'ETag': 'W/"20-7OrtCnlzEEbYaC2yZi8E80FGrTs"', 'X-Powered-By': 'Express', 'X-Source': 'Pocket', 'X-Error-Code': '198', 'X-Error': 'Internal Server Error', 'X-Cache': 'Miss from cloudfront', 'Via': '1.1 a148356b14492df0e216c234ac2c2308.cloudfront.net (CloudFront)', 'X-Amz-Cf-Pop': 'FRA50-C1', 'X-Amz-Cf-Id': 'QVd2FdcPCuntEen_ER1ew2J2Jyq60zEW0tgnHQLXIcqxVk7r48zK9g=='})
2025-05-05 18:25:38,179 - INFO - Finished fetching untagged. Total: 0
2025-05-05 18:25:38,179 - INFO - No untagged articles found. Fetching all articles as fallback...
2025-05-05 18:25:38,179 - INFO - Fetching up to 1000 articles from offset 0 (force_all=True)...
2025-05-05 18:25:38,179 - INFO - Fetching 100 all articles at offset 0...
2025-05-05 18:25:38,547 - INFO - Pocket API response (all): ({'error': 'Something Went Wrong'}, {'Content-Type': 'application/json; charset=utf-8', 'Content-Length': '32', 'Connection': 'keep-alive', 'Date': 'Mon, 05 May 2025 16:25:38 GMT', 'ETag': 'W/"20-7OrtCnlzEEbYaC2yZi8E80FGrTs"', 'X-Powered-By': 'Express', 'X-Source': 'Pocket', 'X-Error-Code': '198', 'X-Error': 'Internal Server Error', 'X-Cache': 'Miss from cloudfront', 'Via': '1.1 b83a899c16a2f53127e152fe5fc783a4.cloudfront.net (CloudFront)', 'X-Amz-Cf-Pop': 'FRA50-C1', 'X-Amz-Cf-Id': 'mpE1e21LLL-YqT2usEBvS7nNgS2bb9UzK1gPhwSO6p_KygMf2T5NGw=='})
2025-05-05 18:25:38,547 - INFO - Finished fetching all. Total: 0
2025-05-05 18:25:38,547 - INFO - Fetched 0 articles total.
2025-05-05 18:25:38,547 - WARNING - No articles fetched.
2025-05-05 18:28:37,832 - INFO - Script started
2025-05-05 18:28:37,832 - INFO - Consumer Key: 114267-ec6...
2025-05-05 18:28:37,832 - INFO - Access Token: 9653e1a6-8...
2025-05-05 18:28:37,832 - INFO - Force all articles: False
2025-05-05 18:32:53,738 - INFO - Script started
2025-05-05 18:32:53,738 - INFO - Consumer Key: 114267-ec6...
2025-05-05 18:32:53,739 - INFO - Access Token: 9653e1a6-8...
2025-05-05 18:32:53,739 - INFO - Force all articles: False
2025-05-05 18:45:10,468 - INFO - Script started
2025-05-05 18:45:10,468 - INFO - Consumer Key: 114267-ec6...
2025-05-05 18:45:10,468 - INFO - Access Token: 9653e1a6-8...
2025-05-05 18:45:10,468 - INFO - Force all articles: False
2025-05-05 18:47:36,364 - INFO - Script started
2025-05-05 18:47:36,365 - INFO - Consumer Key: 114267-ec6...
2025-05-05 18:47:36,365 - INFO - Access Token: 9653e1a6-8...
2025-05-05 18:47:36,365 - INFO - Force all articles: False
2025-05-05 18:47:37,279 - ERROR - Rate limit exceeded: User was authenticated, but access denied due to lack of permission or rate limiting. Forbidden
2025-05-13 08:30:12,616 - INFO - Script started
2025-05-13 08:30:12,617 - INFO - Consumer Key: 114267-ec6...
2025-05-13 08:30:12,617 - INFO - Access Token: bef80c48-9...
2025-05-13 08:30:12,617 - INFO - Force all articles: False
2025-05-13 08:30:13,269 - INFO - Pocket API test response: ({'maxActions': 30, 'cachetype': 'db', 'status': 2, 'error': None, 'complete': 1, 'since': 1747117813, 'list': {}}, {'Content-Type': 'application/json; charset=utf-8', 'Content-Length': '100', 'Connection': 'keep-alive', 'Date': 'Tue, 13 May 2025 06:30:13 GMT', 'ETag': 'W/"64-u4mMWC0epKqUzgfQOBbBQQsUqXY"', 'X-Powered-By': 'Express', 'X-Source': 'Pocket', 'X-Cache': 'Miss from cloudfront', 'Via': '1.1 2be97027a80b483d863e32bd7fe334e2.cloudfront.net (CloudFront)', 'X-Amz-Cf-Pop': 'AMS58-P2', 'X-Amz-Cf-Id': 'gZUvNo32ugvm5dkPG4_QwoGyUXsKumYWHpe5TNfxKaMBRI_YdOs5Vw=='})
2025-05-13 08:30:13,270 - INFO - No tag cache found. Fetching existing tags from Pocket...
2025-05-13 08:30:14,007 - INFO - Pocket API response for tags: ({'maxActions': 30, 'cachetype': 'db', 'status': 2, 'error': None, 'complete': 1, 'since': 1747117814, 'list': {}}, {'Content-Type': 'application/json; charset=utf-8', 'Content-Length': '100', 'Connection': 'keep-alive', 'Date': 'Tue, 13 May 2025 06:30:14 GMT', 'ETag': 'W/"64-PPjtieWRGRn1qr0xloSXF9dwP/E"', 'X-Powered-By': 'Express', 'X-Source': 'Pocket', 'X-Cache': 'Miss from cloudfront', 'Via': '1.1 f7534ef0cb2fd28f5c17e7cc694ad68a.cloudfront.net (CloudFront)', 'X-Amz-Cf-Pop': 'AMS58-P2', 'X-Amz-Cf-Id': '-9tmgXuvmUp6b5E56div_ecnqCiJJu2ug6kaAmNcsCQSS5nFfOGz-w=='})
2025-05-13 08:30:14,008 - INFO - Cached 0 existing tags.
2025-05-13 08:30:14,008 - INFO - Fetching up to 100 articles from offset 0 (force_all=False)...
2025-05-13 08:30:14,008 - INFO - Fetching 50 untagged articles at offset 0...
2025-05-13 08:30:14,509 - INFO - Pocket API response (untagged): ({'maxActions': 30, 'cachetype': 'db', 'status': 2, 'error': None, 'complete': 1, 'since': 1747117815, 'list': {}}, {'Content-Type': 'application/json; charset=utf-8', 'Content-Length': '100', 'Connection': 'keep-alive', 'Date': 'Tue, 13 May 2025 06:30:14 GMT', 'ETag': 'W/"64-4red878m9n8wU2wzx9qG1MtlzNM"', 'X-Powered-By': 'Express', 'X-Source': 'Pocket', 'X-Cache': 'Miss from cloudfront', 'Via': '1.1 818c6aa3ba5cbb6c0be8757bc2002810.cloudfront.net (CloudFront)', 'X-Amz-Cf-Pop': 'AMS58-P2', 'X-Amz-Cf-Id': 'pcUwLnZmIXXmj02rTrloyKp4NfLUMAUX_5iR9z9wbN-iPVK4GGD2Og=='})
2025-05-13 08:30:14,509 - INFO - Finished fetching untagged. Total: 0
2025-05-13 08:30:14,509 - INFO - No untagged articles found. Fetching all articles as fallback...
2025-05-13 08:30:14,509 - INFO - Fetching up to 100 articles from offset 0 (force_all=True)...
2025-05-13 08:30:14,509 - INFO - Fetching 50 all articles at offset 0...
2025-05-13 08:30:16,907 - INFO - Pocket API response (all): ({'maxActions': 30, 'cachetype': 'db', 'status': 2, 'error': None, 'complete': 1, 'since': 1747117817, 'list': {}}, {'Content-Type': 'application/json; charset=utf-8', 'Content-Length': '100', 'Connection': 'keep-alive', 'Date': 'Tue, 13 May 2025 06:30:16 GMT', 'ETag': 'W/"64-iV+kUibsznhZsiyvHawZTSiBBuo"', 'X-Powered-By': 'Express', 'X-Source': 'Pocket', 'X-Cache': 'Miss from cloudfront', 'Via': '1.1 012634059e5295fc11d3d3daf0b68c7e.cloudfront.net (CloudFront)', 'X-Amz-Cf-Pop': 'AMS58-P2', 'X-Amz-Cf-Id': 'iwikkqgpdMmHDpYx8hW8S4lhWBA_oLRxcg3Z9qYwcLf1cncXARIfyw=='})
2025-05-13 08:30:16,908 - INFO - Finished fetching all. Total: 0
2025-05-13 08:30:16,910 - INFO - Fetched 0 articles total.
2025-05-13 08:30:16,912 - WARNING - No articles fetched.
