2025-04-02 21:48:45,053 - INFO - Testing Pocket API connection...
2025-04-02 21:48:45,539 - ERROR - API connection failed: 'tuple' object has no attribute 'get'
2025-04-02 21:50:36,630 - INFO - Testing Pocket API connection...
2025-04-02 21:50:37,247 - ERROR - API connection failed: 'tuple' object has no attribute 'get'
2025-04-02 21:58:30,923 - INFO - Testing Pocket API connection...
2025-04-02 21:58:31,587 - INFO - API connection successful. Retrieved 1 items.
2025-04-02 21:58:31,587 - INFO - Tagging Pocket articles from CSV files...
2025-04-02 21:58:31,587 - WARNING - No .csv files found in pocket.
2025-04-02 21:58:31,588 - ERROR - No articles found in CSV files in pocket. Aborting.
2025-04-02 21:58:31,588 - ERROR - No articles tagged, skipping import.
2025-04-02 22:03:08,265 - INFO - Testing Pocket API connection...
2025-04-02 22:03:08,911 - INFO - API connection successful. Retrieved 1 items.
2025-04-02 22:03:08,912 - INFO - Tagging Pocket articles from CSV files...
2025-04-02 22:03:08,912 - WARNING - No .csv files found in /Users/h3p/Coding/New-Coding-Universal/Coding Projects/Pocket Tagging Export/pocket.
2025-04-02 22:03:08,912 - ERROR - No articles found in CSV files in /Users/h3p/Coding/New-Coding-Universal/Coding Projects/Pocket Tagging Export/pocket. Aborting.
2025-04-02 22:03:08,912 - ERROR - No articles tagged, skipping import.
2025-04-02 22:09:40,812 - INFO - Testing Pocket API connection...
2025-04-02 22:09:41,468 - INFO - API connection successful. Retrieved 1 items.
2025-04-02 22:09:41,468 - INFO - Tagging Pocket articles from CSV files...
2025-04-02 22:10:31,490 - INFO - Loaded 13258 articles from updated_pocket_data.csv with common tags.
2025-04-02 22:10:31,492 - INFO - Generated 19 unique tags: ['bildung', 'design', 'energie', 'essen', 'geschichte', 'kriminalitat', 'kultur', 'medizin', 'militar', 'nachrichten', 'politik', 'raumfahrt', 'reisen', 'sozial', 'sport', 'technologie', 'umwelt', 'wirtschaft', 'wissenschaft']
2025-04-02 22:10:31,527 - INFO - Saved 13258 tagged articles to /Users/h3p/Coding/New-Coding-Universal/Coding Projects/Pocket Tagging/pocket/tagged_pocket_data.json.
2025-04-02 22:10:31,527 - INFO - Saved tag list with 19 entries to /Users/h3p/Coding/New-Coding-Universal/Coding Projects/Pocket Tagging/pocket/tag_mapping.json.
2025-04-02 22:10:31,527 - INFO - Starting import of tagged articles into Pocket...
2025-04-02 22:10:31,540 - INFO - Loaded 13258 articles from /Users/h3p/Coding/New-Coding-Universal/Coding Projects/Pocket Tagging/pocket/tagged_pocket_data.json for import.
2025-04-02 22:10:31,568 - INFO - Prepared 13258 actions for import.
2025-04-02 22:10:31,569 - INFO - Processing batch 1 with 50 articles...
2025-04-02 22:10:31,884 - ERROR - Error importing batch 1: Invalid request, please make sure you follow the documentation for proper syntax. Bad request
2025-04-02 22:10:31,884 - INFO - Processing batch 2 with 50 articles...
2025-04-02 22:10:32,180 - ERROR - Error importing batch 2: Invalid request, please make sure you follow the documentation for proper syntax. Bad request
2025-04-02 22:10:32,181 - INFO - Processing batch 3 with 50 articles...
2025-04-02 22:10:32,313 - ERROR - Error importing batch 3: Invalid request, please make sure you follow the documentation for proper syntax. Bad request
2025-04-02 22:10:32,314 - INFO - Processing batch 4 with 50 articles...
2025-04-02 22:10:32,450 - ERROR - Error importing batch 4: Invalid request, please make sure you follow the documentation for proper syntax. Bad request
2025-04-02 22:10:32,450 - INFO - Processing batch 5 with 50 articles...
2025-04-02 22:10:32,578 - ERROR - Error importing batch 5: Invalid request, please make sure you follow the documentation for proper syntax. Bad request
2025-04-02 22:10:32,578 - INFO - Processing batch 6 with 50 articles...
2025-04-02 22:10:32,713 - ERROR - Error importing batch 6: Invalid request, please make sure you follow the documentation for proper syntax. Bad request
2025-04-02 22:10:32,713 - INFO - Processing batch 7 with 50 articles...
2025-04-02 22:10:32,848 - ERROR - Error importing batch 7: Invalid request, please make sure you follow the documentation for proper syntax. Bad request
2025-04-02 22:10:32,848 - INFO - Processing batch 8 with 50 articles...
2025-04-02 22:10:32,983 - ERROR - Error importing batch 8: Invalid request, please make sure you follow the documentation for proper syntax. Bad request
2025-04-02 22:10:32,983 - INFO - Processing batch 9 with 50 articles...
2025-04-02 22:10:33,115 - ERROR - Error importing batch 9: Invalid request, please make sure you follow the documentation for proper syntax. Bad request
2025-04-02 22:10:33,115 - INFO - Processing batch 10 with 50 articles...
2025-04-02 22:10:33,251 - ERROR - Error importing batch 10: Invalid request, please make sure you follow the documentation for proper syntax. Bad request
2025-04-02 22:10:33,251 - INFO - Processing batch 11 with 50 articles...
2025-04-02 22:10:33,382 - ERROR - Error importing batch 11: Invalid request, please make sure you follow the documentation for proper syntax. Bad request
2025-04-02 22:10:33,382 - INFO - Processing batch 12 with 50 articles...
2025-04-02 22:10:33,520 - ERROR - Error importing batch 12: Invalid request, please make sure you follow the documentation for proper syntax. Bad request
2025-04-02 22:10:33,520 - INFO - Processing batch 13 with 50 articles...
2025-04-02 22:10:33,814 - ERROR - Error importing batch 13: Invalid request, please make sure you follow the documentation for proper syntax. Bad request
2025-04-02 22:10:33,815 - INFO - Processing batch 14 with 50 articles...
2025-04-02 22:10:33,950 - ERROR - Error importing batch 14: Invalid request, please make sure you follow the documentation for proper syntax. Bad request
2025-04-02 22:10:33,950 - INFO - Processing batch 15 with 50 articles...
2025-04-02 22:10:34,081 - ERROR - Error importing batch 15: Invalid request, please make sure you follow the documentation for proper syntax. Bad request
2025-04-02 22:10:34,081 - INFO - Processing batch 16 with 50 articles...
2025-04-02 22:10:34,217 - ERROR - Error importing batch 16: Invalid request, please make sure you follow the documentation for proper syntax. Bad request
2025-04-02 22:10:34,218 - INFO - Processing batch 17 with 50 articles...
2025-04-02 22:10:34,347 - ERROR - Error importing batch 17: Invalid request, please make sure you follow the documentation for proper syntax. Bad request
2025-04-02 22:10:34,350 - INFO - Processing batch 18 with 50 articles...
2025-04-02 22:10:34,487 - ERROR - Error importing batch 18: Invalid request, please make sure you follow the documentation for proper syntax. Bad request
2025-04-02 22:10:34,487 - INFO - Processing batch 19 with 50 articles...
2025-04-02 22:10:34,626 - ERROR - Error importing batch 19: Invalid request, please make sure you follow the documentation for proper syntax. Bad request
2025-04-02 22:10:34,626 - INFO - Processing batch 20 with 50 articles...
2025-04-02 22:10:34,760 - ERROR - Error importing batch 20: Invalid request, please make sure you follow the documentation for proper syntax. Bad request
2025-04-02 22:10:34,760 - INFO - Processing batch 21 with 50 articles...
2025-04-02 22:10:34,894 - ERROR - Error importing batch 21: Invalid request, please make sure you follow the documentation for proper syntax. Bad request
2025-04-02 22:10:34,894 - INFO - Processing batch 22 with 50 articles...
2025-04-02 22:10:35,029 - ERROR - Error importing batch 22: Invalid request, please make sure you follow the documentation for proper syntax. Bad request
2025-04-02 22:10:35,030 - INFO - Processing batch 23 with 50 articles...
2025-04-02 22:10:35,169 - ERROR - Error importing batch 23: Invalid request, please make sure you follow the documentation for proper syntax. Bad request
2025-04-02 22:10:35,172 - INFO - Processing batch 24 with 50 articles...
2025-04-02 22:10:35,310 - ERROR - Error importing batch 24: Invalid request, please make sure you follow the documentation for proper syntax. Bad request
2025-04-02 22:10:35,311 - INFO - Processing batch 25 with 50 articles...
2025-04-02 22:10:35,447 - ERROR - Error importing batch 25: Invalid request, please make sure you follow the documentation for proper syntax. Bad request
2025-04-02 22:10:35,448 - INFO - Processing batch 26 with 50 articles...
2025-04-02 22:10:36,220 - ERROR - Error importing batch 26: Invalid request, please make sure you follow the documentation for proper syntax. Bad request
2025-04-02 22:10:36,221 - INFO - Processing batch 27 with 50 articles...
2025-04-02 22:10:36,359 - ERROR - Error importing batch 27: Invalid request, please make sure you follow the documentation for proper syntax. Bad request
2025-04-02 22:10:36,359 - INFO - Processing batch 28 with 50 articles...
2025-04-02 22:10:36,504 - ERROR - Error importing batch 28: Invalid request, please make sure you follow the documentation for proper syntax. Bad request
2025-04-02 22:10:36,505 - INFO - Processing batch 29 with 50 articles...
2025-04-02 22:10:36,641 - ERROR - Error importing batch 29: Invalid request, please make sure you follow the documentation for proper syntax. Bad request
2025-04-02 22:10:36,642 - INFO - Processing batch 30 with 50 articles...
2025-04-02 22:10:36,774 - ERROR - Error importing batch 30: Invalid request, please make sure you follow the documentation for proper syntax. Bad request
2025-04-02 22:10:36,775 - INFO - Processing batch 31 with 50 articles...
2025-04-02 22:10:36,904 - ERROR - Error importing batch 31: Invalid request, please make sure you follow the documentation for proper syntax. Bad request
2025-04-02 22:10:36,905 - INFO - Processing batch 32 with 50 articles...
2025-04-02 22:10:37,040 - ERROR - Error importing batch 32: Invalid request, please make sure you follow the documentation for proper syntax. Bad request
2025-04-02 22:10:37,040 - INFO - Processing batch 33 with 50 articles...
2025-04-02 22:10:37,176 - ERROR - Error importing batch 33: Invalid request, please make sure you follow the documentation for proper syntax. Bad request
2025-04-02 22:10:37,177 - INFO - Processing batch 34 with 50 articles...
2025-04-02 22:10:37,307 - ERROR - Error importing batch 34: Invalid request, please make sure you follow the documentation for proper syntax. Bad request
2025-04-02 22:10:37,308 - INFO - Processing batch 35 with 50 articles...
2025-04-02 22:10:37,605 - ERROR - Error importing batch 35: Invalid request, please make sure you follow the documentation for proper syntax. Bad request
2025-04-02 22:10:37,605 - INFO - Processing batch 36 with 50 articles...
2025-04-02 22:10:37,741 - ERROR - Error importing batch 36: Invalid request, please make sure you follow the documentation for proper syntax. Bad request
2025-04-02 22:10:37,742 - INFO - Processing batch 37 with 50 articles...
2025-04-02 22:10:37,875 - ERROR - Error importing batch 37: Invalid request, please make sure you follow the documentation for proper syntax. Bad request
2025-04-02 22:10:37,876 - INFO - Processing batch 38 with 50 articles...
2025-04-02 22:10:38,021 - ERROR - Error importing batch 38: Invalid request, please make sure you follow the documentation for proper syntax. Bad request
2025-04-02 22:10:38,022 - INFO - Processing batch 39 with 50 articles...
2025-04-02 22:10:38,153 - ERROR - Error importing batch 39: Invalid request, please make sure you follow the documentation for proper syntax. Bad request
2025-04-02 22:10:38,154 - INFO - Processing batch 40 with 50 articles...
2025-04-02 22:10:38,290 - ERROR - Error importing batch 40: Invalid request, please make sure you follow the documentation for proper syntax. Bad request
2025-04-02 22:10:38,291 - INFO - Processing batch 41 with 50 articles...
2025-04-02 22:10:38,427 - ERROR - Error importing batch 41: Invalid request, please make sure you follow the documentation for proper syntax. Bad request
2025-04-02 22:10:38,428 - INFO - Processing batch 42 with 50 articles...
2025-04-02 22:10:38,565 - ERROR - Error importing batch 42: Invalid request, please make sure you follow the documentation for proper syntax. Bad request
2025-04-02 22:10:38,565 - INFO - Processing batch 43 with 50 articles...
2025-04-02 22:10:38,695 - ERROR - Error importing batch 43: Invalid request, please make sure you follow the documentation for proper syntax. Bad request
2025-04-02 22:10:38,696 - INFO - Processing batch 44 with 50 articles...
2025-04-02 22:10:38,833 - ERROR - Error importing batch 44: Invalid request, please make sure you follow the documentation for proper syntax. Bad request
2025-04-02 22:10:38,833 - INFO - Processing batch 45 with 50 articles...
2025-04-02 22:10:38,969 - ERROR - Error importing batch 45: Invalid request, please make sure you follow the documentation for proper syntax. Bad request
2025-04-02 22:10:38,972 - INFO - Processing batch 46 with 50 articles...
2025-04-02 22:10:39,101 - ERROR - Error importing batch 46: Invalid request, please make sure you follow the documentation for proper syntax. Bad request
2025-04-02 22:10:39,102 - INFO - Processing batch 47 with 50 articles...
2025-04-02 22:10:39,245 - ERROR - Error importing batch 47: Invalid request, please make sure you follow the documentation for proper syntax. Bad request
2025-04-02 22:10:39,245 - INFO - Processing batch 48 with 50 articles...
2025-04-02 22:10:39,386 - ERROR - Error importing batch 48: Invalid request, please make sure you follow the documentation for proper syntax. Bad request
2025-04-02 22:10:39,392 - INFO - Processing batch 49 with 50 articles...
2025-04-02 22:10:39,522 - ERROR - Error importing batch 49: Invalid request, please make sure you follow the documentation for proper syntax. Bad request
2025-04-02 22:10:39,524 - INFO - Processing batch 50 with 50 articles...
2025-04-02 22:10:39,654 - ERROR - Error importing batch 50: Invalid request, please make sure you follow the documentation for proper syntax. Bad request
2025-04-02 22:10:39,655 - INFO - Processing batch 51 with 50 articles...
2025-04-02 22:10:39,786 - ERROR - Error importing batch 51: Invalid request, please make sure you follow the documentation for proper syntax. Bad request
2025-04-02 22:10:39,787 - INFO - Processing batch 52 with 50 articles...
2025-04-02 22:10:39,924 - ERROR - Error importing batch 52: Invalid request, please make sure you follow the documentation for proper syntax. Bad request
2025-04-02 22:10:39,925 - INFO - Processing batch 53 with 50 articles...
2025-04-02 22:10:40,054 - ERROR - Error importing batch 53: Invalid request, please make sure you follow the documentation for proper syntax. Bad request
2025-04-02 22:10:40,055 - INFO - Processing batch 54 with 50 articles...
2025-04-02 22:10:40,189 - ERROR - Error importing batch 54: Invalid request, please make sure you follow the documentation for proper syntax. Bad request
2025-04-02 22:10:40,190 - INFO - Processing batch 55 with 50 articles...
2025-04-02 22:10:40,318 - ERROR - Error importing batch 55: Invalid request, please make sure you follow the documentation for proper syntax. Bad request
2025-04-02 22:10:40,319 - INFO - Processing batch 56 with 50 articles...
2025-04-02 22:10:40,455 - ERROR - Error importing batch 56: Invalid request, please make sure you follow the documentation for proper syntax. Bad request
2025-04-02 22:10:40,456 - INFO - Processing batch 57 with 50 articles...
2025-04-02 22:13:28,998 - INFO - Testing Pocket API connection...
2025-04-02 22:13:29,688 - INFO - API connection successful. Retrieved 1 items.
2025-04-02 22:13:29,689 - INFO - Tagging Pocket articles from CSV files...
2025-04-02 22:13:29,689 - WARNING - No .csv files found in pocket.
2025-04-02 22:13:29,689 - ERROR - No articles found in CSV files in pocket. Aborting.
2025-04-02 22:13:29,689 - ERROR - No articles tagged, skipping import.
2025-04-02 22:15:38,416 - INFO - Testing Pocket API connection...
2025-04-02 22:15:39,016 - INFO - API connection successful. Retrieved 1 items.
2025-04-02 22:15:39,016 - INFO - Tagging Pocket articles from CSV files...
2025-04-02 22:15:39,017 - WARNING - No .csv files found in &Users/h3p/Coding/New-Coding-Universal/Coding Projects/Pocket Tagging/pocket.
2025-04-02 22:15:39,017 - ERROR - No articles found in CSV files in &Users/h3p/Coding/New-Coding-Universal/Coding Projects/Pocket Tagging/pocket. Aborting.
2025-04-02 22:15:39,017 - ERROR - No articles tagged, skipping import.
2025-04-02 23:22:39,425 - INFO - Testing Pocket API connection...
2025-04-02 23:22:40,086 - INFO - API connection successful. Retrieved 1 items.
2025-04-02 23:22:40,087 - INFO - Found existing /Users/h3p/Coding/New-Coding-Universal/Coding Projects/Pocket Tagging/pocket/tagged_pocket_data.json. Skipping tagging and proceeding to import.
2025-04-02 23:22:40,087 - INFO - Starting import of tagged articles into Pocket...
2025-04-02 23:22:40,102 - INFO - Loaded 13258 articles from /Users/h3p/Coding/New-Coding-Universal/Coding Projects/Pocket Tagging/pocket/tagged_pocket_data.json for import.
2025-04-02 23:22:40,123 - INFO - Prepared 13258 actions for import.
2025-04-02 23:22:40,123 - INFO - Testing single article import...
2025-04-02 23:22:40,987 - INFO - Single article import successful: Regular ketamine use found to restructure the brain's dopamine system

2025-04-02 23:22:40,987 - INFO - Processing batch 1 with 50 articles...
2025-04-02 23:22:41,122 - ERROR - Error importing batch 1: Invalid request, please make sure you follow the documentation for proper syntax. Bad request
2025-04-02 23:22:41,122 - INFO - Processing batch 2 with 50 articles...
2025-04-02 23:22:41,252 - ERROR - Error importing batch 2: Invalid request, please make sure you follow the documentation for proper syntax. Bad request
2025-04-02 23:22:41,252 - INFO - Processing batch 3 with 50 articles...
2025-04-02 23:22:41,384 - ERROR - Error importing batch 3: Invalid request, please make sure you follow the documentation for proper syntax. Bad request
2025-04-02 23:22:41,385 - INFO - Processing batch 4 with 50 articles...
2025-04-02 23:22:41,678 - ERROR - Error importing batch 4: Invalid request, please make sure you follow the documentation for proper syntax. Bad request
2025-04-02 23:22:41,679 - INFO - Processing batch 5 with 50 articles...
2025-04-02 23:22:41,809 - ERROR - Error importing batch 5: Invalid request, please make sure you follow the documentation for proper syntax. Bad request
2025-04-02 23:22:41,810 - INFO - Processing batch 6 with 50 articles...
2025-04-02 23:22:41,946 - ERROR - Error importing batch 6: Invalid request, please make sure you follow the documentation for proper syntax. Bad request
2025-04-02 23:22:41,947 - INFO - Processing batch 7 with 50 articles...
2025-04-02 23:22:42,082 - ERROR - Error importing batch 7: Invalid request, please make sure you follow the documentation for proper syntax. Bad request
2025-04-02 23:22:42,083 - INFO - Processing batch 8 with 50 articles...
2025-04-02 23:22:43,838 - ERROR - Error importing batch 8: Invalid request, please make sure you follow the documentation for proper syntax. Bad request
2025-04-02 23:22:43,839 - INFO - Processing batch 9 with 50 articles...
2025-04-02 23:22:43,969 - ERROR - Error importing batch 9: Invalid request, please make sure you follow the documentation for proper syntax. Bad request
2025-04-02 23:22:43,970 - INFO - Processing batch 10 with 50 articles...
2025-04-02 23:22:44,100 - ERROR - Error importing batch 10: Invalid request, please make sure you follow the documentation for proper syntax. Bad request
2025-04-02 23:22:44,100 - INFO - Processing batch 11 with 50 articles...
2025-04-02 23:22:44,394 - ERROR - Error importing batch 11: Invalid request, please make sure you follow the documentation for proper syntax. Bad request
2025-04-02 23:22:44,394 - INFO - Processing batch 12 with 50 articles...
2025-04-02 23:22:44,690 - ERROR - Error importing batch 12: Invalid request, please make sure you follow the documentation for proper syntax. Bad request
2025-04-02 23:22:44,691 - INFO - Processing batch 13 with 50 articles...
2025-04-02 23:22:44,817 - ERROR - Error importing batch 13: Invalid request, please make sure you follow the documentation for proper syntax. Bad request
2025-04-02 23:22:44,818 - INFO - Processing batch 14 with 50 articles...
2025-04-02 23:22:44,949 - ERROR - Error importing batch 14: Invalid request, please make sure you follow the documentation for proper syntax. Bad request
2025-04-02 23:22:44,949 - INFO - Processing batch 15 with 50 articles...
2025-04-02 23:22:45,083 - ERROR - Error importing batch 15: Invalid request, please make sure you follow the documentation for proper syntax. Bad request
2025-04-02 23:22:45,084 - INFO - Processing batch 16 with 50 articles...
2025-04-02 23:22:45,216 - ERROR - Error importing batch 16: Invalid request, please make sure you follow the documentation for proper syntax. Bad request
2025-04-02 23:22:45,217 - INFO - Processing batch 17 with 50 articles...
2025-04-02 23:22:45,349 - ERROR - Error importing batch 17: Invalid request, please make sure you follow the documentation for proper syntax. Bad request
2025-04-02 23:22:45,351 - INFO - Processing batch 18 with 50 articles...
2025-04-02 23:22:45,483 - ERROR - Error importing batch 18: Invalid request, please make sure you follow the documentation for proper syntax. Bad request
2025-04-02 23:22:45,483 - INFO - Processing batch 19 with 50 articles...
2025-04-02 23:22:45,612 - ERROR - Error importing batch 19: Invalid request, please make sure you follow the documentation for proper syntax. Bad request
2025-04-02 23:22:45,613 - INFO - Processing batch 20 with 50 articles...
2025-04-02 23:22:45,745 - ERROR - Error importing batch 20: Invalid request, please make sure you follow the documentation for proper syntax. Bad request
2025-04-02 23:22:45,745 - INFO - Processing batch 21 with 50 articles...
2025-04-02 23:22:45,873 - ERROR - Error importing batch 21: Invalid request, please make sure you follow the documentation for proper syntax. Bad request
2025-04-02 23:22:45,874 - INFO - Processing batch 22 with 50 articles...
2025-04-02 23:22:46,010 - ERROR - Error importing batch 22: Invalid request, please make sure you follow the documentation for proper syntax. Bad request
2025-04-02 23:22:46,010 - INFO - Processing batch 23 with 50 articles...
2025-04-02 23:22:46,140 - ERROR - Error importing batch 23: Invalid request, please make sure you follow the documentation for proper syntax. Bad request
2025-04-02 23:22:46,141 - INFO - Processing batch 24 with 50 articles...
2025-04-02 23:22:46,270 - ERROR - Error importing batch 24: Invalid request, please make sure you follow the documentation for proper syntax. Bad request
2025-04-02 23:22:46,270 - INFO - Processing batch 25 with 50 articles...
2025-04-02 23:22:46,400 - ERROR - Error importing batch 25: Invalid request, please make sure you follow the documentation for proper syntax. Bad request
2025-04-02 23:22:46,401 - INFO - Processing batch 26 with 50 articles...
2025-04-02 23:22:46,534 - ERROR - Error importing batch 26: Invalid request, please make sure you follow the documentation for proper syntax. Bad request
2025-04-02 23:22:46,535 - INFO - Processing batch 27 with 50 articles...
2025-04-02 23:22:46,665 - ERROR - Error importing batch 27: Invalid request, please make sure you follow the documentation for proper syntax. Bad request
2025-04-02 23:22:46,665 - INFO - Processing batch 28 with 50 articles...
2025-04-02 23:22:46,797 - ERROR - Error importing batch 28: Invalid request, please make sure you follow the documentation for proper syntax. Bad request
2025-04-02 23:22:46,798 - INFO - Processing batch 29 with 50 articles...
2025-04-02 23:22:46,927 - ERROR - Error importing batch 29: Invalid request, please make sure you follow the documentation for proper syntax. Bad request
2025-04-02 23:22:46,928 - INFO - Processing batch 30 with 50 articles...
2025-04-02 23:22:47,062 - ERROR - Error importing batch 30: Invalid request, please make sure you follow the documentation for proper syntax. Bad request
2025-04-02 23:22:47,062 - INFO - Processing batch 31 with 50 articles...
2025-04-02 23:22:47,193 - ERROR - Error importing batch 31: Invalid request, please make sure you follow the documentation for proper syntax. Bad request
2025-04-02 23:22:47,194 - INFO - Processing batch 32 with 50 articles...
2025-04-02 23:22:47,327 - ERROR - Error importing batch 32: Invalid request, please make sure you follow the documentation for proper syntax. Bad request
2025-04-02 23:22:47,328 - INFO - Processing batch 33 with 50 articles...
2025-04-02 23:22:47,459 - ERROR - Error importing batch 33: Invalid request, please make sure you follow the documentation for proper syntax. Bad request
2025-04-02 23:22:47,459 - INFO - Processing batch 34 with 50 articles...
2025-04-02 23:22:47,592 - ERROR - Error importing batch 34: Invalid request, please make sure you follow the documentation for proper syntax. Bad request
2025-04-02 23:22:47,593 - INFO - Processing batch 35 with 50 articles...
2025-04-02 23:22:47,726 - ERROR - Error importing batch 35: Invalid request, please make sure you follow the documentation for proper syntax. Bad request
2025-04-02 23:22:47,727 - INFO - Processing batch 36 with 50 articles...
2025-04-02 23:22:47,862 - ERROR - Error importing batch 36: Invalid request, please make sure you follow the documentation for proper syntax. Bad request
2025-04-02 23:22:47,863 - INFO - Processing batch 37 with 50 articles...
2025-04-03 08:53:35,956 - INFO - Testing Pocket API connection...
2025-04-03 08:53:36,782 - INFO - API connection successful. Retrieved 1 items.
2025-04-03 08:53:36,784 - INFO - Found existing /Users/h3p/Coding/New-Coding-Universal/Coding Projects/Pocket Tagging Export/pocket/tagged_pocket_data.json. Skipping tagging and proceeding to import.
2025-04-03 08:53:36,785 - INFO - Starting import of tagged articles into Pocket...
2025-04-03 08:53:36,802 - INFO - Loaded 13258 articles from /Users/h3p/Coding/New-Coding-Universal/Coding Projects/Pocket Tagging Export/pocket/tagged_pocket_data.json for import.
2025-04-03 08:53:36,824 - INFO - Prepared 13258 actions for import.
2025-04-03 08:53:36,824 - INFO - Testing single article import...
2025-04-03 08:53:37,544 - INFO - Single article import successful: Regular ketamine use found to restructure the brain's dopamine system

2025-04-03 08:53:37,544 - INFO - Processing batch 1 with 50 articles...
2025-04-03 08:53:37,675 - ERROR - Error importing batch 1: Invalid request, please make sure you follow the documentation for proper syntax. Bad request
2025-04-03 08:53:37,675 - INFO - Processing batch 2 with 50 articles...
2025-04-03 08:53:37,809 - ERROR - Error importing batch 2: Invalid request, please make sure you follow the documentation for proper syntax. Bad request
2025-04-03 08:53:37,810 - INFO - Processing batch 3 with 50 articles...
2025-04-03 08:53:38,107 - ERROR - Error importing batch 3: Invalid request, please make sure you follow the documentation for proper syntax. Bad request
2025-04-03 08:53:38,107 - INFO - Import process completed (limited to 3 batches for testing).
2025-04-03 08:59:50,485 - INFO - Testing Pocket API connection...
2025-04-03 08:59:51,103 - INFO - API connection successful. Retrieved 1 items.
2025-04-03 08:59:51,104 - INFO - Tagging Pocket articles from CSV files...
2025-04-03 08:59:51,104 - WARNING - No .csv files found in pocket.
2025-04-03 08:59:51,104 - ERROR - No articles found in CSV files in pocket. Aborting.
2025-04-03 08:59:51,104 - ERROR - No articles tagged, skipping import.
2025-04-03 09:00:55,421 - INFO - Testing Pocket API connection...
2025-04-03 09:00:56,760 - INFO - API connection successful. Retrieved 1 items.
2025-04-03 09:00:56,760 - INFO - Found existing /Users/h3p/Coding/New-Coding-Universal/Coding Projects/Pocket Tagging/pocket/tagged_pocket_data.json. Skipping tagging and proceeding to import.
2025-04-03 09:00:56,760 - INFO - Starting import of tagged articles into Pocket...
2025-04-03 09:00:56,774 - INFO - Loaded 13258 articles from /Users/h3p/Coding/New-Coding-Universal/Coding Projects/Pocket Tagging/pocket/tagged_pocket_data.json for import.
2025-04-03 09:00:56,797 - INFO - Prepared 13258 actions for import.
2025-04-03 09:00:56,797 - INFO - Testing single article import...
2025-04-03 09:00:57,359 - INFO - Single article import successful: Regular ketamine use found to restructure the brain's dopamine system

2025-04-03 09:00:57,359 - INFO - Processing batch 1 with 50 articles...
2025-04-03 09:00:57,654 - ERROR - Batch 1 failed: HTTP 400, response: {'error': 'Tags input cannot be empty: {"path":"tags","type":"array_field","value":[]}'}
2025-04-03 09:00:58,657 - INFO - Processing batch 2 with 50 articles...
2025-04-03 09:00:58,795 - ERROR - Batch 2 failed: HTTP 400, response: {'error': 'Tags input cannot be empty: {"path":"tags","type":"array_field","value":[]}'}
2025-04-03 09:00:59,796 - INFO - Processing batch 3 with 50 articles...
2025-04-03 09:00:59,937 - ERROR - Batch 3 failed: HTTP 400, response: {'error': 'Tags input cannot be empty: {"path":"tags","type":"array_field","value":[]}'}
2025-04-03 09:01:00,943 - INFO - Import process completed (limited to 3 batches for testing).
